   13    20    28    60    98   125   198   281   337   365   379   493 
  493   541   546   571   676   689   710   724   757   796   847   887 
  926  1012  1088  1238  1314  1394  1422  1433  1435  1475  1501  1529 
 1531  1730  1874  1937  2184  2228  2246  2306  2351  2354  2363  2380 
 2400  2405  2552  2568  2619  2652  2755  2778  2847  2863  2872  2903 
 2905  2922  2955  3059  3070  3136  3276  3312  3318  3325  3368  3369 
 3369  3427  3452  3527  3556  3585  3623  3744  3751  3785  3794  3811 
 3866  3896  3927  3930  4023  4044  4068  4287  4325  4341  4371  4396 
 4422  4429  4444  4482  4539  4568  4587  4614  4684  4730  4819  4915 
 4920  5012  5061  5124  5129  5194  5199  5212  5307  5369  5387  5404 
 5408  5423  5435  5500  5569  5591  5645  5733  5737  5747  5764  5772 
 5783  5789  5819  5857  5858  5929  6030  6092  6122  6125  6144  6220 
 6227  6230  6328  6341  6349  6414  6430  6438  6492  6506  6602  6620 
 6650  6653  6716  6726  6809  6841  6863  6916  6966  6988  6997  6997 
 7035  7085  7179  7277  7282  7302  7344  7370  7374  7468  7489  7506 
 7540  7670  7740  7744  7764  7765  7765  7794  7797  7829  7857  7918 
 8032  8043  8083  8095  8098  8118  8140  8150  8168  8229  8236  8271 
 8316  8336  8366  8441  8445  8457  8465  8491  8538  8543  8587  8607 
 8612  8625  8691  8777  8805  8815  8830  8859  8928  8981  9171  9173 
 9229  9300  9356  9384  9442  9471  9498  9504  9508  9530  9583  9677 
 9690  9709  9773  9787  9803  9842  9860  9918  9933  9957 
