v1   odd      0111
v2   odd      0001
sum  odd  S   1000
diff even     0110

v1   even     0000
v2   odd      0001
sum  odd      0001
diff even  U  1111

v1   even     00001010
v2   odd      01100100
sum  odd      01101110
diff even  U  10100110

v1   odd      1011
v2   even     1010
sum  even SU  0101
diff odd      0001

v1   even     101010100
v2   odd      101010101
sum  even SU  010101001
diff odd   U  111111111

v1   even     101110101
v2   even     101111111
sum  odd  SU  011110100
diff odd   U  111110110

v1   odd      111111111000
v2   odd      111111111101
sum  even  U  111111110101
diff odd   U  111111111011

v1   odd      111111111101
v2   odd      111111111000
sum  even  U  111111110101
diff even     000000000101

v1   even     001011100000101101110
v2   odd      001001100000101101110
sum  odd      010101000001011011100
diff odd      000010000000000000000

v1   odd      001011100000101101110001011100000101101110100010111000001011010
v2   odd      001100001010110011001101110101010110111011001011100100101101111
sum  odd      010111101011100000111111010001011100101001101110011100111001001
diff even  U  111111010101111010100011100110101110110011010111010011011101011

v1   odd      101101001010111011001101110101011110111011101011100111101111111
v2   even     100010000010101100010011011101010101101110110010111001001011011
sum  even SU  001111001101100111100001010010110100101010011110100000111011010
diff odd      001011001000001110111010011000001001001100111000101110100100100

v1   odd      0010001000001010110001001101110101010110111011001011100100101101
v2   odd      0100010000010101100010011011101010101101110110010111001001011010
sum  odd      0110011000100000010011101001100000000100110001100010101110000111
diff even  U  1101110111110101001110110010001010101001000100110100011011010011

v1   odd      10000
v2   odd      10000
sum  even SUZ 00000
diff even   Z 00000

v1   odd      100000
v2   odd      100000
sum  even SUZ 000000
diff even   Z 000000

v1   odd      1000000
v2   odd      1000000
sum  even SUZ 0000000
diff even   Z 0000000

v1   odd      10000000
v2   odd      10000000
sum  even SUZ 00000000
diff even   Z 00000000

v1   even     11
v2   even     11
sum  odd   U  10
diff even   Z 00

v1   even     101
v2   even     101
sum  odd  SU  010
diff even   Z 000

v1   even     0101
v2   even     0101
sum  even S   1010
diff even   Z 0000

v1   even     00101
v2   even     00101
sum  even     01010
diff even   Z 00000

v1   even     000000000000000000000000000000000000000000000000000000000101
v2   even     000000000000000000000000000000000000000000000000000000000101
sum  even     000000000000000000000000000000000000000000000000000000001010
diff even   Z 000000000000000000000000000000000000000000000000000000000000

v1   odd      1000
v2   odd      1101
sum  even SU  0101
diff odd   U  1011

v1   odd      1101
v2   odd      1000
sum  even SU  0101
diff even     0101

v1   odd      111111111111111111111111111111111111111111111111111111111111111101
v2   odd      111111111111111111111111111111111111111111111111111111111111111000
sum  even  U  111111111111111111111111111111111111111111111111111111111111110101
diff even     000000000000000000000000000000000000000000000000000000000000000101

v1   even     0000000000000101
v2   even     1100000000000000
sum  even     1100000000000101
diff odd   U  0100000000000101

v1   odd      1111111111111011
v2   odd      0100000000000000
sum  odd   U  0011111111111011
diff even     1011111111111011

v1   even     000000000000000000000000000000000000000000000000000000000000001011100000101101110001011100000101101110100010111000001011010001100001010110011001101110101010110111011001011100100101101111001011100000101101110001011100000101101110100010111000001011010001
v2   odd      011000101110000010110111010001011100000101101000110000101011001100110111010101011011101100101110010010110111100101110000010110111000101110000010110111010001011100000101101000110000101011001100110111010101011011101100101110010010110111101010101111001010
sum  even     011000101110000010110111010001011100000101101000110000101011011000011000000011001101001000110100000001011010011101111011101000011010000100011100100101111100010011011111000101010110011010011000011000000011001101001000110100000001011010100010111010011011
diff odd   U  100111010001111101001000101110100011111010010111001111010100111110101001011000010101101111010111011011101011010010011010111010101000101000010110110111011001011011010011110011110101000011111110101001011000010101101111010111011011101011001101011100000111

v1   odd      0110001011100000101101110100010111000001011010001100001010110011001101110101010110111011001011100100101101111001011100000101101110001011100000101101110100010111000001011010001100001010110011001101110101010110111011001011100100101101111010101011110010100110001011100000101101110100010111000001011010001100001010110011001101110101010110111011001011100100101101111001011100000101101110001011100000101101110100010111000001011010001100001010110011001101110101010110111011001011100100101101111010101011110010101111111
v2   even     0110001011100000101101110100010110111010101011011101100101110010010110111100101110000010110111000101110000010110111010001011100000101101000110000101011001100110111010101011011101100101110010010110111101010101111001010011000101110000010110111010001011100000101101000110000101011001100110111010101011011101100101110010010110111100101110000010110111000101110000010110111010001011100000101101000110000101011001100110111010101011011101100101110010010110111101010101111001010111111100000000000000000000000000000011011
sum  even S   1100010111000001011011101000101101111100000101101001110000100101100100110010000100111110000010101010011110010000010110010001001110111000100110110011001101111101111100000101101001110000100101100100110010101100110100011110101010011110010001100101111110000110111000100110110011001101111101111100000101101001110000100101100100110010000100111110000010101010011110010000010110010001001110111000100110110011001101111101111100000101101001110000100101100100110010101100110100100011100000101101111010101011110010110011010
diff odd      0000000000000000000000000000000000000110101110101110100101000000110110111000101000111000010100011110111101100010100001111010001101011110011010101000011010110000000110101110101110100101000000110110111000000001000001111000011110111101100011110001100111000101011110011010101000011010110000000110101110101110100101000000110110111000101000111000010100011110111101100010100001111010001101011110011010101000011010110000000110101110101110100101000000110110111000000001000001110011101000101101111010101011110010101100100

v1   odd      01000000000000000000000000000000000000000000000000000000000
v2   odd      01000000000000000000000000000000000000000000000000000000000
sum  odd  S   10000000000000000000000000000000000000000000000000000000000
diff even   Z 00000000000000000000000000000000000000000000000000000000000

v1   odd      10000000000000000000000000000000000000000000000000000000000
v2   odd      10000000000000000000000000000000000000000000000000000000000
sum  even SUZ 00000000000000000000000000000000000000000000000000000000000
diff even   Z 00000000000000000000000000000000000000000000000000000000000

v1   even     00
v2   even     11
sum  even     11
diff odd   U  01

v1   odd      10000
v2   odd      00001
sum  even     10001
diff even S   01111
